\BOOKMARK [0][-]{chapter*.1}{Abstract}{}% 1
\BOOKMARK [0][-]{chapter*.2}{Impact statement}{}% 2
\BOOKMARK [0][-]{chapter*.4}{List of Tables}{}% 3
\BOOKMARK [0][-]{chapter*.5}{List of Figures}{}% 4
\BOOKMARK [0][-]{chapter.1}{Introduction}{}% 5
\BOOKMARK [1][-]{section.1.1}{Motivation}{chapter.1}% 6
\BOOKMARK [1][-]{section.1.2}{Aim and scope}{chapter.1}% 7
\BOOKMARK [1][-]{section.1.3}{Thesis outline}{chapter.1}% 8
\BOOKMARK [1][-]{section.1.4}{Contribution}{chapter.1}% 9
\BOOKMARK [0][-]{chapter.2}{Data entry in an office setting}{}% 10
\BOOKMARK [1][-]{section.2.1}{Study 1: Understanding data entry work in a financial office}{chapter.2}% 11
\BOOKMARK [2][-]{subsection.2.1.1}{Introduction}{section.2.1}% 12
\BOOKMARK [2][-]{subsection.2.1.2}{Method}{section.2.1}% 13
\BOOKMARK [2][-]{subsection.2.1.3}{Results}{section.2.1}% 14
\BOOKMARK [2][-]{subsection.2.1.4}{Discussion}{section.2.1}% 15
\BOOKMARK [1][-]{section.2.2}{Study 2: Managing inquiries for data entry}{chapter.2}% 16
\BOOKMARK [2][-]{subsection.2.2.1}{Introduction}{section.2.2}% 17
\BOOKMARK [2][-]{subsection.2.2.2}{Method}{section.2.2}% 18
\BOOKMARK [2][-]{subsection.2.2.3}{Findings}{section.2.2}% 19
\BOOKMARK [2][-]{subsection.2.2.4}{Discussion}{section.2.2}% 20
\BOOKMARK [0][-]{chapter.3}{Understanding the effect of time costs on looking up information}{}% 21
\BOOKMARK [1][-]{section.3.1}{Study 3: Copying numbers from one source}{chapter.3}% 22
\BOOKMARK [2][-]{subsection.3.1.1}{Introduction}{section.3.1}% 23
\BOOKMARK [2][-]{subsection.3.1.2}{Method}{section.3.1}% 24
\BOOKMARK [2][-]{subsection.3.1.3}{Results}{section.3.1}% 25
\BOOKMARK [2][-]{subsection.3.1.4}{Discussion}{section.3.1}% 26
\BOOKMARK [1][-]{section.3.2}{Study 4: Copying data from multiple sources}{chapter.3}% 27
\BOOKMARK [2][-]{subsection.3.2.1}{Introduction}{section.3.2}% 28
\BOOKMARK [2][-]{subsection.3.2.2}{Method}{section.3.2}% 29
\BOOKMARK [2][-]{subsection.3.2.3}{Results}{section.3.2}% 30
\BOOKMARK [2][-]{subsection.3.2.4}{Discussion}{section.3.2}% 31
\BOOKMARK [1][-]{section.3.3}{Study 5: Interleaving between data entry tasks}{chapter.3}% 32
\BOOKMARK [2][-]{subsection.3.3.1}{Introduction}{section.3.3}% 33
\BOOKMARK [2][-]{subsection.3.3.2}{Method}{section.3.3}% 34
\BOOKMARK [2][-]{subsection.3.3.3}{Results}{section.3.3}% 35
\BOOKMARK [2][-]{subsection.3.3.4}{Discussion}{section.3.3}% 36
\BOOKMARK [2][-]{subsection.3.3.5}{Conclusion}{section.3.3}% 37
\BOOKMARK [0][-]{chapter.4}{Design considerations}{}% 38
\BOOKMARK [1][-]{section.4.1}{Introduction}{chapter.4}% 39
\BOOKMARK [1][-]{section.4.2}{Related work}{chapter.4}% 40
\BOOKMARK [2][-]{subsection.4.2.1}{Task and information management}{section.4.2}% 41
\BOOKMARK [2][-]{subsection.4.2.2}{Information search}{section.4.2}% 42
\BOOKMARK [2][-]{subsection.4.2.3}{Interruptions and delayed intentions}{section.4.2}% 43
\BOOKMARK [2][-]{subsection.4.2.4}{Documents at hand}{section.4.2}% 44
\BOOKMARK [2][-]{subsection.4.2.5}{Type of activity}{section.4.2}% 45
\BOOKMARK [2][-]{subsection.4.2.6}{Time management applications}{section.4.2}% 46
\BOOKMARK [2][-]{subsection.4.2.7}{Interruptions}{section.4.2}% 47
\BOOKMARK [2][-]{subsection.4.2.8}{Summary}{section.4.2}% 48
\BOOKMARK [1][-]{section.4.3}{DESIGN CONSIDERATIONS}{chapter.4}% 49
\BOOKMARK [1][-]{section.4.4}{Design alternatives}{chapter.4}% 50
\BOOKMARK [0][-]{chapter.5}{Evaluating a time notification on interruptions}{}% 51
\BOOKMARK [1][-]{section.5.1}{Chapter introduction}{chapter.5}% 52
\BOOKMARK [1][-]{section.5.2}{Study 6: Looking up information in email during an online experiment}{chapter.5}% 53
\BOOKMARK [2][-]{subsection.5.2.1}{Introduction}{section.5.2}% 54
\BOOKMARK [2][-]{subsection.5.2.2}{Method}{section.5.2}% 55
\BOOKMARK [2][-]{subsection.5.2.3}{Results}{section.5.2}% 56
\BOOKMARK [2][-]{subsection.5.2.4}{Discussion}{section.5.2}% 57
\BOOKMARK [1][-]{section.5.3}{Study 7: Looking up information for expenses in an office setting}{chapter.5}% 58
\BOOKMARK [2][-]{subsection.5.3.1}{Introduction}{section.5.3}% 59
\BOOKMARK [2][-]{subsection.5.3.2}{Focus, a browser extension}{section.5.3}% 60
\BOOKMARK [2][-]{subsection.5.3.3}{Method}{section.5.3}% 61
\BOOKMARK [2][-]{subsection.5.3.4}{Findings}{section.5.3}% 62
\BOOKMARK [2][-]{subsection.5.3.5}{Discussion}{section.5.3}% 63
\BOOKMARK [2][-]{subsection.5.3.6}{Limitations}{section.5.3}% 64
\BOOKMARK [2][-]{subsection.5.3.7}{Contributions}{section.5.3}% 65
\BOOKMARK [0][-]{chapter.6}{General Discussion}{}% 66
\BOOKMARK [1][-]{section.6.1}{Summary of findings}{chapter.6}% 67
\BOOKMARK [1][-]{section.6.2}{Contributions}{chapter.6}% 68
\BOOKMARK [2][-]{subsection.6.2.1}{Contribution to knowledge}{section.6.2}% 69
\BOOKMARK [2][-]{subsection.6.2.2}{Practical implications}{section.6.2}% 70
\BOOKMARK [1][-]{section.6.3}{Future work}{chapter.6}% 71
\BOOKMARK [2][-]{subsection.6.3.1}{Complementing with other solutions}{section.6.3}% 72
\BOOKMARK [2][-]{subsection.6.3.2}{Predicting the type of interruption to advise length of interruption}{section.6.3}% 73
\BOOKMARK [2][-]{subsection.6.3.3}{Tracking behaviour over time}{section.6.3}% 74
\BOOKMARK [2][-]{subsection.6.3.4}{Cross-device time feedback}{section.6.3}% 75
\BOOKMARK [2][-]{subsection.6.3.5}{Extending research findings to other settings}{section.6.3}% 76
\BOOKMARK [2][-]{subsection.6.3.6}{Limitations}{section.6.3}% 77
\BOOKMARK [1][-]{section.6.4}{Conclusion}{chapter.6}% 78
\BOOKMARK [0][-]{chapter*.109}{References}{}% 79
\BOOKMARK [0][-]{Appendix.a.A}{Appendix Study 1: diagrams of themes}{}% 80
\BOOKMARK [1][-]{section.a.A.1}{Task}{Appendix.a.A}% 81
\BOOKMARK [1][-]{section.a.A.2}{Checking}{Appendix.a.A}% 82
\BOOKMARK [1][-]{section.a.A.3}{System}{Appendix.a.A}% 83
\BOOKMARK [1][-]{section.a.A.4}{Environment}{Appendix.a.A}% 84
\BOOKMARK [1][-]{section.a.A.5}{Data}{Appendix.a.A}% 85
\BOOKMARK [1][-]{section.a.A.6}{Errors}{Appendix.a.A}% 86
\BOOKMARK [1][-]{section.a.A.7}{Strategy}{Appendix.a.A}% 87
\BOOKMARK [1][-]{section.a.A.8}{Importance of accuracy and paper trails}{Appendix.a.A}% 88
\BOOKMARK [1][-]{section.a.A.9}{Other}{Appendix.a.A}% 89
\BOOKMARK [0][-]{Appendix.a.B}{Appendix Information sheet}{}% 90
\BOOKMARK [0][-]{Appendix.a.C}{Appendix Consent form}{}% 91
\BOOKMARK [0][-]{Appendix.a.D}{Appendix Interview script}{}% 92
